<?xml version="1.0" encoding="UTF-8"?>
<!-- Generated by org.testng.reporters.JUnitReportReporter -->
<testsuite skipped="0" hostname="DESKTOP-OEJHGS3" name="com.Test.Test_1" tests="10" failures="0" timestamp="2021-12-21T23:56:35 IST" time="228.081" errors="0">
  <testcase name="user_pass" time="21.735" classname="com.Test.Test_1"/>
  <system-out/>
  <testcase name="user_pass" time="7.133" classname="com.Test.Test_1"/>
  <system-out/>
  <testcase name="user_pass" time="9.989" classname="com.Test.Test_1"/>
  <system-out/>
  <testcase name="user_pass" time="12.937" classname="com.Test.Test_1"/>
  <system-out/>
  <testcase name="user_pass" time="9.514" classname="com.Test.Test_1"/>
  <system-out/>
  <testcase name="user_pass" time="107.199" classname="com.Test.Test_1"/>
  <system-out/>
  <testcase name="user_pass" time="15.755" classname="com.Test.Test_1"/>
  <system-out/>
  <testcase name="user_pass" time="7.227" classname="com.Test.Test_1"/>
  <system-out/>
  <testcase name="user_pass" time="24.069" classname="com.Test.Test_1"/>
  <system-out/>
  <testcase name="user_pass" time="12.523" classname="com.Test.Test_1"/>
  <system-out/>
</testsuite> <!-- com.Test.Test_1 -->
