<?xml version="1.0" encoding="UTF-8"?>
<!-- Generated by org.testng.reporters.JUnitReportReporter -->
<testsuite skipped="0" hostname="DESKTOP-OEJHGS3" name="com.Test.Test_Exception" tests="1" failures="0" timestamp="2021-12-24T12:05:28 IST" time="0.031" errors="0">
  <testcase name="add" time="0.031" classname="com.Test.Test_Exception"/>
  <system-out/>
</testsuite> <!-- com.Test.Test_Exception -->
