<?xml version="1.0" encoding="UTF-8"?>
<!-- Generated by org.testng.reporters.JUnitReportReporter -->
<testsuite skipped="0" hostname="DESKTOP-OEJHGS3" name="com.Test.Test_4" tests="1" failures="0" timestamp="2021-12-24T11:58:44 IST" time="0.030" errors="0">
  <testcase name="data" time="0.030" classname="com.Test.Test_4"/>
  <system-out/>
</testsuite> <!-- com.Test.Test_4 -->
