<?xml version="1.0" encoding="UTF-8"?>
<!-- Generated by org.testng.reporters.JUnitReportReporter -->
<testsuite skipped="0" hostname="DESKTOP-OEJHGS3" name="com.Test.Test_Group" tests="4" failures="0" timestamp="2021-12-23T12:57:02 IST" time="0.072" errors="0">
  <testcase name="black2" time="0.014" classname="com.Test.Test_Group"/>
  <system-out/>
  <testcase name="black1" time="0.032" classname="com.Test.Test_Group"/>
  <system-out/>
  <testcase name="black2" time="0.015" classname="com.Test.Test_Group"/>
  <system-out/>
  <testcase name="black2" time="0.011" classname="com.Test.Test_Group"/>
  <system-out/>
</testsuite> <!-- com.Test.Test_Group -->
