<?xml version="1.0" encoding="UTF-8"?>
<!-- Generated by org.testng.reporters.JUnitReportReporter -->
<testsuite skipped="0" hostname="DESKTOP-OEJHGS3" name="com.Test.Test_Data_Provider" tests="6" failures="0" timestamp="2021-12-23T12:25:40 IST" time="0.066" errors="0">
  <testcase name="loginDetails" time="0.013" classname="com.Test.Test_Data_Provider"/>
  <system-out/>
  <testcase name="loginDetails" time="0.010" classname="com.Test.Test_Data_Provider"/>
  <system-out/>
  <testcase name="devDetails" time="0.004" classname="com.Test.Test_Data_Provider"/>
  <system-out/>
  <testcase name="devDetails" time="0.012" classname="com.Test.Test_Data_Provider"/>
  <system-out/>
  <testcase name="devDetails" time="0.016" classname="com.Test.Test_Data_Provider"/>
  <system-out/>
  <testcase name="loginDetails" time="0.011" classname="com.Test.Test_Data_Provider"/>
  <system-out/>
</testsuite> <!-- com.Test.Test_Data_Provider -->
