<?xml version="1.0" encoding="UTF-8"?>
<!-- Generated by org.testng.reporters.JUnitReportReporter -->
<testsuite skipped="0" hostname="DESKTOP-OEJHGS3" name="com.Test.Test_Rev" tests="2" failures="0" timestamp="2021-12-24T21:33:47 IST" time="44.919" errors="0">
  <testcase name="giftSection" time="24.484" classname="com.Test.Test_Rev"/>
  <system-out/>
  <testcase name="mobile" time="20.435" classname="com.Test.Test_Rev"/>
  <system-out/>
</testsuite> <!-- com.Test.Test_Rev -->
