<?xml version="1.0" encoding="UTF-8"?>
<!-- Generated by org.testng.reporters.JUnitReportReporter -->
<testsuite skipped="1" hostname="DESKTOP-OEJHGS3" name="com.Test.Test_2" tests="6" failures="0" timestamp="2021-12-22T01:11:22 IST" time="0.042" errors="0">
  <testcase name="student_Data" time="0.000" classname="com.Test.Test_2"/>
  <system-out/>
  <testcase name="parentsData" time="0.015" classname="com.Test.Test_2"/>
  <system-out/>
  <testcase name="data" time="0.000" classname="com.Test.Test_2"/>
  <system-out/>
  <testcase name="student_Data" time="0.000" classname="com.Test.Test_2"/>
  <system-out/>
  <testcase name="student_Data" time="0.027" classname="com.Test.Test_2"/>
  <system-out/>
  <testcase name="worker" classname="com.Test.Test_2">
    <skipped/>
  </testcase> <!-- worker -->
  <system-out/>
</testsuite> <!-- com.Test.Test_2 -->
