<?xml version="1.0" encoding="UTF-8"?>
<!-- Generated by org.testng.reporters.JUnitReportReporter -->
<testsuite skipped="0" hostname="DESKTOP-OEJHGS3" name="com.Test.Test_3" tests="6" failures="0" timestamp="2021-12-22T20:48:54 IST" time="0.137" errors="0">
  <testcase name="supermarket" time="0.043" classname="com.Test.Test_3"/>
  <system-out/>
  <testcase name="fruits" time="0.008" classname="com.Test.Test_3"/>
  <system-out/>
  <testcase name="vegetable" time="0.008" classname="com.Test.Test_3"/>
  <system-out/>
  <testcase name="biscut" time="0.016" classname="com.Test.Test_3"/>
  <system-out/>
  <testcase name="biscut" time="0.011" classname="com.Test.Test_3"/>
  <system-out/>
  <testcase name="biscut" time="0.051" classname="com.Test.Test_3"/>
  <system-out/>
</testsuite> <!-- com.Test.Test_3 -->
