<?xml version="1.0" encoding="UTF-8"?>
<!-- Generated by org.testng.reporters.JUnitReportReporter -->
<testsuite skipped="0" hostname="DESKTOP-OEJHGS3" name="com.Test.Test_Para" tests="2" failures="0" timestamp="2021-12-23T11:44:17 IST" time="0.033" errors="0">
  <testcase name="studentName" time="0.029" classname="com.Test.Test_Para"/>
  <system-out/>
  <testcase name="studentId" time="0.004" classname="com.Test.Test_Para"/>
  <system-out/>
</testsuite> <!-- com.Test.Test_Para -->
