<?xml version="1.0" encoding="UTF-8"?>
<!-- Generated by org.testng.reporters.JUnitReportReporter -->
<testsuite skipped="0" hostname="DESKTOP-OEJHGS3" name="com.Test.Test_Parallel" tests="2" failures="0" timestamp="2021-12-23T02:34:22 IST" time="30.210" errors="0">
  <testcase name="chrome2" time="15.335" classname="com.Test.Test_Parallel"/>
  <system-out/>
  <testcase name="chrome1" time="14.875" classname="com.Test.Test_Parallel"/>
  <system-out/>
</testsuite> <!-- com.Test.Test_Parallel -->
